<?xml version="1.0" encoding="UTF-8" standalone="no"?><testsuites><testsuite errors="0" failures="0" hostname="emulator-5554_UIAutomator_unknown_sdk" name="ui uiautomator tests" tests="1" time="428.0170" timestamp="Mon Jul 08 19:23:10 IST 2013"><properties><property name="java.runtime.name" value="Java(TM) SE Runtime Environment"/><property name="sun.boot.library.path" value="C:\Program Files\Java\jdk1.6.0_35\jre\bin"/><property name="java.vm.version" value="20.10-b01"/><property name="java.vm.vendor" value="Sun Microsystems Inc."/><property name="java.vendor.url" value="http://java.sun.com/"/><property name="guice.disable.misplaced.annotation.check" value="true"/><property name="path.separator" value=";"/><property name="java.vm.name" value="Java HotSpot(TM) Client VM"/><property name="file.encoding.pkg" value="sun.io"/><property name="sun.java.launcher" value="SUN_STANDARD"/><property name="user.country" value="US"/><property name="sun.os.patch.level" value="Service Pack 3"/><property name="java.vm.specification.name" value="Java Virtual Machine Specification"/><property name="user.dir" value="D:\UIAutomator\UIAtomatorTest"/><property name="java.runtime.version" value="1.6.0_35-b10"/><property name="java.awt.graphicsenv" value="sun.awt.Win32GraphicsEnvironment"/><property name="java.endorsed.dirs" value="C:\Program Files\Java\jdk1.6.0_35\jre\lib\endorsed"/><property name="os.arch" value="x86"/><property name="java.io.tmpdir" value="C:\DOCUME~1\ANBARA~1\LOCALS~1\Temp\"/><property name="line.separator" value="&#13;&#10;"/><property name="java.vm.specification.vendor" value="Sun Microsystems Inc."/><property name="user.variant" value=""/><property name="os.name" value="Windows XP"/><property name="classworlds.conf" value="C:\apache-maven-3.0.4\bin\..\bin\m2.conf"/><property name="sun.jnu.encoding" value="Cp1252"/><property name="java.library.path" value="C:\Program Files\Java\jdk1.6.0_35\bin;C:\WINDOWS\Sun\Java\bin;C:\WINDOWS\system32;C:\WINDOWS;C:\Program Files\TortoiseGit\bin;C:\Program Files\Git\bin;C:\Program Files\NodeJS;C:\Python33;C:\Python33\Scripts;C:\wamp\bin\php\php5.3.5;C:\Documents and Settings\anbarasan_j\My Documents\Downloads\phantomjs-1.8.2-windows;C:\Program Files\TortoiseSVN\bin;D:\Capybara\RubyJWSEshop\ExecutableDrivers;C:\Program Files\SourceGear\Common\DiffMerge\;C:\Program Files\Java\jdk1.6.0_35\bin;D:\UIAutomator\adt-bundle-windows-x86-20130522\sdk\tools;D:\UIAutomator\adt-bundle-windows-x86-20130522\sdk\platform-tools;C:\Documents and Settings\anbarasan_j\My Documents\Downloads\apache-ant-1.8.4-bin\apache-ant-1.8.4\bin;C:\apache-maven-3.0.4\bin;D:\jscoverage-0.5.1;C:\Ruby193\bin;C:\Program Files\TortoiseGit\bin;C:\Documents and Settings\anbarasan_j\Application Data\npm\;C:\apache-ant-1.9.1\bin;D:\UIAutomator\dex2jar-0.0.9.15;%ANDRIOD_HOME%/build-tools/17.0.0;;."/><property name="java.specification.name" value="Java Platform API Specification"/><property name="java.class.version" value="50.0"/><property name="sun.management.compiler" value="HotSpot Client Compiler"/><property name="os.version" value="5.1"/><property name="user.home" value="C:\Documents and Settings\anbarasan_j"/><property name="user.timezone" value="Asia/Calcutta"/><property name="java.awt.printerjob" value="sun.awt.windows.WPrinterJob"/><property name="file.encoding" value="Cp1252"/><property name="java.specification.version" value="1.6"/><property name="java.class.path" value="C:\apache-maven-3.0.4\bin\..\boot\plexus-classworlds-2.4.jar"/><property name="user.name" value="anbarasan_j"/><property name="java.vm.specification.version" value="1.0"/><property name="sun.java.command" value="org.codehaus.plexus.classworlds.launcher.Launcher clean install"/><property name="java.home" value="C:\Program Files\Java\jdk1.6.0_35\jre"/><property name="sun.arch.data.model" value="32"/><property name="user.language" value="en"/><property name="java.specification.vendor" value="Sun Microsystems Inc."/><property name="awt.toolkit" value="sun.awt.windows.WToolkit"/><property name="java.vm.info" value="mixed mode"/><property name="java.version" value="1.6.0_35"/><property name="java.ext.dirs" value="C:\Program Files\Java\jdk1.6.0_35\jre\lib\ext;C:\WINDOWS\Sun\Java\lib\ext"/><property name="sun.boot.class.path" value="C:\Program Files\Java\jdk1.6.0_35\jre\lib\resources.jar;C:\Program Files\Java\jdk1.6.0_35\jre\lib\rt.jar;C:\Program Files\Java\jdk1.6.0_35\jre\lib\sunrsasign.jar;C:\Program Files\Java\jdk1.6.0_35\jre\lib\jsse.jar;C:\Program Files\Java\jdk1.6.0_35\jre\lib\jce.jar;C:\Program Files\Java\jdk1.6.0_35\jre\lib\charsets.jar;C:\Program Files\Java\jdk1.6.0_35\jre\lib\modules\jdk.boot.jar;C:\Program Files\Java\jdk1.6.0_35\jre\classes"/><property name="java.vendor" value="Sun Microsystems Inc."/><property name="maven.home" value="C:\apache-maven-3.0.4\bin\.."/><property name="file.separator" value="\"/><property name="java.vendor.url.bug" value="http://java.sun.com/cgi-bin/bugreport.cgi"/><property name="sun.io.unicode.encoding" value="UnicodeLittle"/><property name="sun.cpu.endian" value="little"/><property name="sun.desktop" value="windows"/><property name="sun.cpu.isalist" value=""/><property name="ro.product.manufacturer" value="unknown"/><property name="gsm.sim.operator.alpha" value="Android"/><property name="net.tcp.buffersize.hsupa" value="4094,87380,262144,4096,16384,262144"/><property name="ro.kernel.ndns" value="3"/><property name="ro.debuggable" value="1"/><property name="persist.sys.usb.config" value="adb"/><property name="init.svc.debuggerd" value="running"/><property name="persist.sys.profiler_ms" value="0"/><property name="init.svc.ueventd" value="running"/><property name="system_init.startsurfaceflinger" value="0"/><property name="ro.product.model" value="sdk"/><property name="gsm.operator.iso-country" value="us"/><property name="persist.sys.language" value="en"/><property name="ro.factorytest" value="0"/><property name="ro.build.fingerprint" value="generic/sdk/generic:4.2.2/JB_MR1.1/576024:eng/test-keys"/><property name="service.bootanim.exit" value="1"/><property name="net.dnschange" value="1"/><property name="ro.build.product" value="generic"/><property name="ro.bootloader" value="unknown"/><property name="init.svc.vold" value="running"/><property name="ro.setupwizard.mode" value="EMULATOR"/><property name="net.hostname" value="android-e931f681b0f52c6e"/><property name="net.eth0.dns3" value="10.0.2.5"/><property name="net.bt.name" value="Android"/><property name="qemu.hw.mainkeys" value="1"/><property name="ro.build.version.sdk" value="17"/><property name="sys.usb.config" value="adb"/><property name="net.eth0.dns1" value="10.0.2.3"/><property name="net.eth0.dns2" value="10.0.2.4"/><property name="init.svc.qemu-props" value="stopped"/><property name="ro.bootmode" value="unknown"/><property name="ro.baseband" value="unknown"/><property name="ro.runtime.firstboot" value="1373282682874"/><property name="ro.build.host" value="wpee3.hot.corp.google.com"/><property name="ARGH" value="ARGH"/><property name="ro.build.display.id" value="sdk-eng 4.2.2 JB_MR1.1 576024 test-keys"/><property name="ro.revision" value="0"/><property name="init.svc.qemud" value="running"/><property name="ro.kernel.android.qemud" value="ttyS1"/><property name="ro.product.locale.region" value="US"/><property name="gsm.operator.isroaming" value="false"/><property name="net.eth0.gw" value="10.0.2.2"/><property name="persist.sys.timezone" value="GMT"/><property name="gsm.operator.numeric" value="310260"/><property name="ro.allow.mock.location" value="1"/><property name="net.tcp.buffersize.evdo" value="4094,87380,262144,4096,16384,262144"/><property name="net.tcp.buffersize.wifi" value="524288,1048576,2097152,262144,524288,1048576"/><property name="ro.kernel.qemu.gles" value="0"/><property name="net.tcp.buffersize.hsdpa" value="4094,87380,262144,4096,16384,262144"/><property name="persist.sys.localevar" value=""/><property name="ro.product.brand" value="generic"/><property name="gsm.sim.operator.numeric" value="310260"/><property name="ro.config.notification_sound" value="OnTheHunt.ogg"/><property name="ro.board.platform" value=""/><property name="ro.build.date.utc" value="1360768853"/><property name="ro.com.google.locationfeatures" value="1"/><property name="ro.product.locale.language" value="en"/><property name="ro.product.device" value="generic"/><property name="dev.bootcomplete" value="1"/><property name="qemu.sf.lcd_density" value="160"/><property name="gsm.sim.state" value="READY"/><property name="gsm.defaultpdpcontext.active" value="true"/><property name="init.svc.keystore" value="running"/><property name="ro.hardware" value="goldfish"/><property name="status.battery.level" value="5"/><property name="status.battery.level_scale" value="9"/><property name="init.svc.netd" value="running"/><property name="xmpp.auto-presence" value="true"/><property name="ro.kernel.console" value="ttyS0"/><property name="ro.build.characteristics" value="default"/><property name="ro.build.id" value="JB_MR1.1"/><property name="ro.radio.use-ppp" value="no"/><property name="net.tcp.buffersize.hspap" value="4094,87380,1220608,4096,16384,1220608"/><property name="net.tcp.buffersize.lte" value="524288,1048576,2097152,262144,524288,1048576"/><property name="net.tcp.buffersize.default" value="4096,87380,110208,4096,16384,110208"/><property name="net.gprs.local-ip" value="10.0.2.15"/><property name="net.tcp.buffersize.umts" value="4094,87380,110208,4096,16384,110208"/><property name="sys.usb.state" value="adb"/><property name="rild.libpath" value="/system/lib/libreference-ril.so"/><property name="sys.boot_completed" value="1"/><property name="ro.product.name" value="sdk"/><property name="net.change" value="net.dnschange"/><property name="ro.build.tags" value="test-keys"/><property name="ro.config.alarm_alert" value="Alarm_Classic.ogg"/><property name="status.battery.level_raw" value="50"/><property name="init.svc.goldfish-logcat" value="stopped"/><property name="gsm.version.ril-impl" value="android reference-ril 1.0"/><property name="ro.product.board" value=""/><property name="init.svc.drm" value="running"/><property name="init.svc.media" value="running"/><property name="ro.build.description" value="sdk-eng 4.2.2 JB_MR1.1 576024 test-keys"/><property name="ro.build.version.codename" value="REL"/><property name="ro.config.nocheckin" value="yes"/><property name="ro.product.cpu.abi" value="armeabi-v7a"/><property name="rild.libargs" value="-d /dev/ttyS0"/><property name="ro.kernel.android.checkjni" value="1"/><property name="qemu.sf.fake_camera" value="none"/><property name="dalvik.vm.heapsize" value="16m"/><property name="init.svc.bootanim" value="stopped"/><property name="dalvik.vm.stack-trace-file" value="/data/anr/traces.txt"/><property name="net.tcp.buffersize.edge" value="4093,26280,35040,4096,16384,35040"/><property name="init.svc.surfaceflinger" value="running"/><property name="ro.serialno" value=""/><property name="persist.sys.country" value="US"/><property name="net.tcp.buffersize.gprs" value="4092,8760,11680,4096,8760,11680"/><property name="ro.build.date" value="Wed Feb 13 15:20:53 UTC 2013"/><property name="ro.build.version.release" value="4.2.2"/><property name="init.svc.console" value="running"/><property name="ro.product.cpu.abi2" value="armeabi"/><property name="net.tcp.buffersize.hspa" value="4094,87380,262144,4096,16384,262144"/><property name="init.svc.zygote" value="running"/><property name="init.svc.servicemanager" value="running"/><property name="gsm.current.phone-type" value="1"/><property name="ro.build.user" value="android-build"/><property name="gsm.sim.operator.iso-country" value="us"/><property name="init.svc.installd" value="running"/><property name="ro.kernel.qemu" value="1"/><property name="ro.secure" value="0"/><property name="ro.build.type" value="eng"/><property name="ro.wifi.channels" value=""/><property name="ro.build.version.incremental" value="576024"/><property name="init.svc.adbd" value="restarting"/><property name="init.svc.goldfish-setup" value="stopped"/><property name="net.qtaguid_enabled" value="0"/><property name="net.dns3" value="10.0.2.5"/><property name="gsm.operator.alpha" value="Android"/><property name="gsm.network.type" value="UMTS"/><property name="net.dns2" value="10.0.2.4"/><property name="net.dns1" value="10.0.2.3"/><property name="status.battery.state" value="Slow"/><property name="init.svc.ril-daemon" value="running"/></properties><testcase classname="com.photon.helios.mainActivity.MainActivity" name="testsBrowseVerification" time="426.4770"/></testsuite></testsuites>